\BOOKMARK [0][-]{Doc-Start}{\376\377\000A\000g\000r\000a\000d\000e\000c\000i\000m\000i\000e\000n\000t\000o\000s}{}% 1
\BOOKMARK [0][-]{chapter.1}{\376\377\000I\000n\000t\000r\000o\000d\000u\000c\000c\000i\000\363\000n}{}% 2
\BOOKMARK [0][-]{chapter.2}{\376\377\000A\000n\000t\000e\000c\000e\000d\000e\000n\000t\000e\000s\000\040\000y\000\040\000D\000e\000s\000c\000r\000i\000p\000c\000i\000\363\000n\000\040\000d\000e\000\040\000l\000a\000\040\000E\000m\000p\000r\000e\000s\000a}{}% 3
\BOOKMARK [1][-]{section.2.1}{\376\377\000U\000b\000i\000c\000a\000c\000i\000\363\000n}{chapter.2}% 4
\BOOKMARK [1][-]{section.2.2}{\376\377\000M\000i\000s\000i\000\363\000n}{chapter.2}% 5
\BOOKMARK [1][-]{section.2.3}{\376\377\000V\000i\000s\000i\000\363\000n}{chapter.2}% 6
\BOOKMARK [1][-]{section.2.4}{\376\377\000O\000r\000g\000a\000n\000i\000g\000r\000a\000m\000a}{chapter.2}% 7
\BOOKMARK [1][-]{section.2.5}{\376\377\000H\000i\000s\000t\000o\000r\000i\000a}{chapter.2}% 8
\BOOKMARK [0][-]{chapter.3}{\376\377\000P\000r\000o\000b\000l\000e\000m\000\341\000t\000i\000c\000a\000\040\000y\000\040\000D\000e\000s\000c\000r\000i\000p\000c\000i\000\363\000n\000\040\000d\000e\000l\000\040\000P\000r\000o\000y\000e\000c\000t\000o}{}% 9
\BOOKMARK [1][-]{section.3.1}{\376\377\000P\000r\000o\000b\000l\000e\000m\000\341\000t\000i\000c\000a}{chapter.3}% 10
\BOOKMARK [1][-]{section.3.2}{\376\377\000D\000e\000s\000c\000r\000i\000p\000c\000i\000\363\000n\000\040\000d\000e\000l\000\040\000P\000r\000o\000y\000e\000c\000t\000o}{chapter.3}% 11
\BOOKMARK [2][-]{subsection.3.2.1}{\376\377\000O\000b\000j\000e\000t\000i\000v\000o\000\040\000G\000e\000n\000e\000r\000a\000l}{section.3.2}% 12
\BOOKMARK [2][-]{subsection.3.2.2}{\376\377\000O\000b\000j\000e\000t\000i\000v\000o\000s\000\040\000E\000s\000p\000e\000c\000\355\000f\000i\000c\000o\000s}{section.3.2}% 13
\BOOKMARK [2][-]{subsection.3.2.3}{\376\377\000P\000l\000a\000n\000e\000a\000c\000i\000\363\000n}{section.3.2}% 14
\BOOKMARK [0][-]{chapter.4}{\376\377\000M\000a\000r\000c\000o\000\040\000T\000e\000\363\000r\000i\000c\000o}{}% 15
\BOOKMARK [1][-]{section.4.1}{\376\377\000S\000i\000s\000t\000e\000m\000a\000s\000\040\000E\000R\000P}{chapter.4}% 16
\BOOKMARK [2][-]{subsection.4.1.1}{\376\377\000L\000a\000s\000\040\000R\000a\000\355\000c\000e\000s\000\040\000e\000n\000\040\000l\000a\000\040\000M\000a\000n\000u\000f\000a\000c\000t\000u\000r\000a\000:\000\040\000M\000R\000P\000\040\000y\000\040\000M\000R\000P\000\040\000I\000I}{section.4.1}% 17
\BOOKMARK [2][-]{subsection.4.1.2}{\376\377\000L\000o\000s\000\040\000M\000o\000t\000o\000r\000e\000s\000\040\000d\000e\000l\000\040\000C\000a\000m\000b\000i\000o\000\040\000e\000n\000\040\000l\000o\000s\000\040\000A\000\361\000o\000s\000\040\0009\0000}{section.4.1}% 18
\BOOKMARK [1][-]{section.4.2}{\376\377\000A\000n\000t\000e\000c\000e\000d\000e\000n\000t\000e\000s\000\040\000y\000\040\000t\000r\000a\000b\000a\000j\000o\000s\000\040\000p\000r\000e\000v\000i\000o\000s\000:}{chapter.4}% 19
\BOOKMARK [2][-]{subsection.4.2.1}{\376\377\000A\000n\000t\000e\000c\000e\000d\000e\000n\000t\000e\000\040\000e\000n\000\040\000l\000a\000\040\000G\000e\000s\000t\000i\000\363\000n\000\040\000d\000e\000\040\000P\000r\000o\000c\000e\000s\000o\000s\000\040\000D\000o\000c\000e\000n\000t\000e\000s\000\040\000U\000n\000i\000v\000e\000r\000s\000i\000t\000a\000r\000i\000o\000s}{section.4.2}% 20
\BOOKMARK [2][-]{subsection.4.2.2}{\376\377\000A\000n\000t\000e\000c\000e\000d\000e\000n\000t\000e\000\040\000e\000n\000\040\000e\000l\000\040\000D\000e\000s\000a\000r\000r\000o\000l\000l\000o\000\040\000d\000e\000\040\000I\000n\000t\000e\000r\000f\000a\000c\000e\000s\000\040\000M\000o\000d\000e\000r\000n\000a\000s\000\040\000e\000n\000\040\000O\000d\000o\000o}{section.4.2}% 21
\BOOKMARK [1][-]{section.4.3}{\376\377\000A\000r\000q\000u\000i\000t\000e\000c\000t\000u\000r\000a\000\040\000y\000\040\000C\000o\000m\000p\000o\000n\000e\000n\000t\000e\000s\000\040\000d\000e\000\040\000S\000i\000s\000t\000e\000m\000a\000s\000\040\000E\000R\000P\000:}{chapter.4}% 22
\BOOKMARK [2][-]{subsection.4.3.1}{\376\377\000M\000o\000d\000e\000l\000o\000\040\000d\000e\000\040\000N\000e\000g\000o\000c\000i\000o\000\040\000y\000\040\000L\000i\000c\000e\000n\000c\000i\000a\000m\000i\000e\000n\000t\000o}{section.4.3}% 23
\BOOKMARK [2][-]{subsection.4.3.2}{\376\377\000A\000r\000q\000u\000i\000t\000e\000c\000t\000u\000r\000a\000\040\000T\000e\000c\000n\000o\000l\000\363\000g\000i\000c\000a}{section.4.3}% 24
\BOOKMARK [2][-]{subsection.4.3.3}{\376\377\000M\000o\000d\000u\000l\000a\000r\000i\000d\000a\000d\000\040\000y\000\040\000C\000o\000b\000e\000r\000t\000u\000r\000a\000\040\000F\000u\000n\000c\000i\000o\000n\000a\000l}{section.4.3}% 25
\BOOKMARK [2][-]{subsection.4.3.4}{\376\377\000F\000l\000e\000x\000i\000b\000i\000l\000i\000d\000a\000d\000\040\000y\000\040\000P\000e\000r\000s\000o\000n\000a\000l\000i\000z\000a\000c\000i\000\363\000n}{section.4.3}% 26
\BOOKMARK [1][-]{section.4.4}{\376\377\000D\000e\000s\000a\000r\000r\000o\000l\000l\000o\000\040\000d\000e\000\040\000M\000\363\000d\000u\000l\000o\000s\000\040\000e\000n\000\040\000O\000d\000o\000o}{chapter.4}% 27
\BOOKMARK [2][-]{subsection.4.4.1}{\376\377\000E\000s\000t\000r\000u\000c\000t\000u\000r\000a\000\040\000F\000u\000n\000d\000a\000m\000e\000n\000t\000a\000l\000\040\000d\000e\000\040\000u\000n\000\040\000M\000\363\000d\000u\000l\000o}{section.4.4}% 28
\BOOKMARK [2][-]{subsection.4.4.2}{\376\377\000M\000o\000d\000e\000l\000o\000s\000\040\000\050\000C\000a\000p\000a\000\040\000d\000e\000\040\000D\000a\000t\000o\000s\000\040\000y\000\040\000L\000\363\000g\000i\000c\000a\000\051}{section.4.4}% 29
\BOOKMARK [2][-]{subsection.4.4.3}{\376\377\000V\000i\000s\000t\000a\000s\000\040\000\050\000C\000a\000p\000a\000\040\000d\000e\000\040\000P\000r\000e\000s\000e\000n\000t\000a\000c\000i\000\363\000n\000\051}{section.4.4}% 30
\BOOKMARK [2][-]{subsection.4.4.4}{\376\377\000C\000o\000n\000t\000r\000o\000l\000a\000d\000o\000r\000e\000s\000\040\000y\000\040\000W\000o\000r\000k\000f\000l\000o\000w\000s}{section.4.4}% 31
\BOOKMARK [1][-]{section.4.5}{\376\377\000T\000e\000c\000n\000o\000l\000o\000g\000\355\000a\000s\000\040\000U\000s\000a\000d\000a\000s}{chapter.4}% 32
\BOOKMARK [2][-]{subsection.4.5.1}{\376\377\000M\000o\000d\000e\000l\000o\000\040\000d\000e\000\040\000D\000e\000s\000p\000l\000i\000e\000g\000u\000e\000:\000\040\000S\000o\000f\000t\000w\000a\000r\000e\000\040\000c\000o\000m\000o\000\040\000S\000e\000r\000v\000i\000c\000i\000o\000\040\000\050\000S\000a\000a\000S\000\051}{section.4.5}% 33
\BOOKMARK [2][-]{subsection.4.5.2}{\376\377\000F\000i\000l\000o\000s\000o\000f\000\355\000a\000\040\000d\000e\000\040\000C\000\363\000d\000i\000g\000o\000\040\000A\000b\000i\000e\000r\000t\000o\000\040\000\050\000O\000p\000e\000n\000\040\000S\000o\000u\000r\000c\000e\000\051}{section.4.5}% 34
\BOOKMARK [2][-]{subsection.4.5.3}{\376\377\000B\000a\000c\000k\000e\000n\000d\000:\000\040\000P\000y\000t\000h\000o\000n}{section.4.5}% 35
\BOOKMARK [2][-]{subsection.4.5.4}{\376\377\000B\000a\000c\000k\000e\000n\000d\000:\000\040\000P\000y\000t\000h\000o\000n}{section.4.5}% 36
\BOOKMARK [2][-]{subsection.4.5.5}{\376\377\000B\000a\000s\000e\000\040\000d\000e\000\040\000D\000a\000t\000o\000s\000:\000\040\000P\000o\000s\000t\000g\000r\000e\000S\000Q\000L}{section.4.5}% 37
\BOOKMARK [2][-]{subsection.4.5.6}{\376\377\000F\000r\000o\000n\000t\000e\000n\000d\000:\000\040\000X\000M\000L\000,\000\040\000J\000a\000v\000a\000S\000c\000r\000i\000p\000t\000\040\000y\000\040\000O\000W\000L}{section.4.5}% 38
\BOOKMARK [2][-]{subsection.4.5.7}{\376\377\000P\000r\000o\000t\000o\000c\000o\000l\000o\000s\000\040\000d\000e\000\040\000C\000o\000m\000u\000n\000i\000c\000a\000c\000i\000\363\000n\000\040\000y\000\040\000S\000e\000r\000v\000i\000d\000o\000r}{section.4.5}% 39
\BOOKMARK [0][-]{chapter.5}{\376\377\000D\000e\000s\000a\000r\000r\000o\000l\000l\000o\000\040\000d\000e\000l\000\040\000P\000r\000o\000y\000e\000c\000t\000o}{}% 40
\BOOKMARK [1][-]{section.5.1}{\376\377\000R\000e\000q\000u\000e\000r\000i\000m\000i\000e\000n\000t\000o\000s}{chapter.5}% 41
\BOOKMARK [1][-]{section.5.2}{\376\377\000A\000n\000\341\000l\000i\000s\000i\000s\000\040\000y\000\040\000D\000i\000s\000e\000\361\000o}{chapter.5}% 42
\BOOKMARK [2][-]{subsection.5.2.1}{\376\377\000C\000a\000s\000o\000s\000\040\000d\000e\000\040\000U\000s\000o}{section.5.2}% 43
\BOOKMARK [1][-]{section.5.3}{\376\377\000I\000m\000p\000l\000e\000m\000e\000n\000t\000a\000c\000i\000\363\000n}{chapter.5}% 44
\BOOKMARK [1][-]{section.5.4}{\376\377\000P\000r\000u\000e\000b\000a\000s}{chapter.5}% 45
\BOOKMARK [0][-]{chapter.6}{\376\377\000R\000e\000s\000u\000l\000t\000a\000d\000o\000s\000\040\000y\000\040\000C\000o\000n\000c\000l\000u\000s\000i\000o\000n\000e\000s}{}% 46
\BOOKMARK [1][-]{section.6.1}{\376\377\000R\000e\000s\000u\000l\000t\000a\000d\000o\000s}{chapter.6}% 47
\BOOKMARK [1][-]{section.6.2}{\376\377\000C\000o\000n\000c\000l\000u\000s\000i\000o\000n\000e\000s}{chapter.6}% 48
\BOOKMARK [0][-]{appendix.Alph1}{\376\377\000G\000l\000o\000s\000a\000r\000i\000o}{}% 49
